2017-09-19 12:38:28,828 - root - INFO - Reading in the Lung CT data, 3000 training and 300 validation
2017-09-19 12:38:28,829 - root - INFO - Read ct scan data from /net/store/cv/projects/datasets/image/pub/LIDC-IDRI/processed/train
2017-09-19 12:38:28,829 - root - INFO - With patch_number of 3000 and tumor_rate of 0.50
2017-09-19 12:39:42,079 - root - INFO - Read ct scan data in 73 seconds.
2017-09-19 12:39:42,087 - root - INFO - Successfully read in 3000 lung patches.
2017-09-19 12:39:42,203 - root - INFO - Read ct scan data from /net/store/cv/projects/datasets/image/pub/LIDC-IDRI/processed/validation
2017-09-19 12:39:42,203 - root - INFO - With patch_number of 300 and tumor_rate of 0.50
2017-09-19 12:39:49,815 - root - INFO - Read ct scan data in 7 seconds.
2017-09-19 12:39:49,819 - root - INFO - Successfully read in 300 lung patches.
2017-09-19 12:39:49,828 - root - INFO - Finished reading data
2017-09-19 12:39:49,949 - root - INFO - Start training of the network
2017-09-19 12:39:49,950 - root - INFO - Calling `train_network` with args: {'batch_size': 5, 'epochs': 2000, 'save_level': 1, 'net_save_path': '/net/store/cv/projects/tmp/asuckro/logs/acts_2017-09-19T12-37_Huang_no_scaling_50x50'}
2017-09-19 14:00:38,327 - root - INFO - Step: 599, Acc Train: 0.600333, Acc validation: 0.603333
2017-09-19 15:21:20,391 - root - INFO - Step: 1198, Acc Train: 0.580333, Acc validation: 0.58
2017-09-19 16:41:58,197 - root - INFO - Step: 1797, Acc Train: 0.563333, Acc validation: 0.59
2017-09-19 18:01:39,014 - root - INFO - Step: 2396, Acc Train: 0.552, Acc validation: 0.566667
2017-09-19 19:21:58,483 - root - INFO - Step: 2995, Acc Train: 0.484, Acc validation: 0.51
2017-09-19 20:42:21,867 - root - INFO - Step: 3594, Acc Train: 0.539, Acc validation: 0.566667
2017-09-19 22:02:50,627 - root - INFO - Step: 4193, Acc Train: 0.527333, Acc validation: 0.523333
2017-09-19 23:22:47,751 - root - INFO - Step: 4792, Acc Train: 0.568667, Acc validation: 0.543333
2017-09-20 00:42:10,099 - root - INFO - Step: 5391, Acc Train: 0.561, Acc validation: 0.543333
2017-09-20 02:02:48,849 - root - INFO - Step: 5990, Acc Train: 0.493333, Acc validation: 0.516667
2017-09-20 03:23:21,867 - root - INFO - Step: 6589, Acc Train: 0.588333, Acc validation: 0.62
2017-09-20 04:43:51,099 - root - INFO - Step: 7188, Acc Train: 0.553667, Acc validation: 0.59
2017-09-20 06:03:41,755 - root - INFO - Step: 7787, Acc Train: 0.598667, Acc validation: 0.626667
2017-09-20 07:25:08,535 - root - INFO - Step: 8386, Acc Train: 0.643667, Acc validation: 0.616667
2017-09-20 08:46:18,623 - root - INFO - Step: 8985, Acc Train: 0.573, Acc validation: 0.6
2017-09-20 10:07:08,867 - root - INFO - Step: 9584, Acc Train: 0.618, Acc validation: 0.606667
2017-09-20 11:27:52,471 - root - INFO - Step: 10183, Acc Train: 0.608333, Acc validation: 0.57
2017-09-20 12:49:19,623 - root - INFO - Step: 10782, Acc Train: 0.683667, Acc validation: 0.733333
2017-09-20 14:11:29,028 - root - INFO - Step: 11381, Acc Train: 0.521333, Acc validation: 0.526667
2017-09-20 15:32:29,515 - root - INFO - Step: 11980, Acc Train: 0.747667, Acc validation: 0.736667
2017-09-20 16:53:25,827 - root - INFO - Step: 12579, Acc Train: 0.684667, Acc validation: 0.693333
2017-09-20 18:15:17,301 - root - INFO - Step: 13178, Acc Train: 0.77, Acc validation: 0.756667
2017-09-20 19:36:54,611 - root - INFO - Step: 13777, Acc Train: 0.519, Acc validation: 0.55
2017-09-20 20:58:52,871 - root - INFO - Step: 14376, Acc Train: 0.684333, Acc validation: 0.693333
2017-09-20 22:20:58,027 - root - INFO - Step: 14975, Acc Train: 0.775, Acc validation: 0.776667
2017-09-20 23:42:04,811 - root - INFO - Step: 15574, Acc Train: 0.799333, Acc validation: 0.81
2017-09-21 01:02:37,876 - root - INFO - Step: 16173, Acc Train: 0.594333, Acc validation: 0.626667
2017-09-21 02:24:09,922 - root - INFO - Step: 16772, Acc Train: 0.660333, Acc validation: 0.67
2017-09-21 03:45:47,687 - root - INFO - Step: 17371, Acc Train: 0.739667, Acc validation: 0.736667
2017-09-21 05:07:43,222 - root - INFO - Step: 17970, Acc Train: 0.693, Acc validation: 0.74
2017-09-21 06:29:25,003 - root - INFO - Step: 18569, Acc Train: 0.601667, Acc validation: 0.586667
2017-09-21 07:51:00,667 - root - INFO - Step: 19168, Acc Train: 0.791, Acc validation: 0.833333
2017-09-21 09:12:48,565 - root - INFO - Step: 19767, Acc Train: 0.728667, Acc validation: 0.733333
2017-09-21 10:35:07,575 - root - INFO - Step: 20366, Acc Train: 0.717333, Acc validation: 0.763333
2017-09-21 11:56:51,655 - root - INFO - Step: 20965, Acc Train: 0.804, Acc validation: 0.813333
2017-09-21 13:17:47,438 - root - INFO - Step: 21564, Acc Train: 0.746667, Acc validation: 0.743333
2017-09-21 14:39:10,735 - root - INFO - Step: 22163, Acc Train: 0.67, Acc validation: 0.7
2017-09-21 16:00:34,315 - root - INFO - Step: 22762, Acc Train: 0.787667, Acc validation: 0.83
2017-09-21 17:22:14,014 - root - INFO - Step: 23361, Acc Train: 0.813, Acc validation: 0.85
2017-09-21 18:44:31,073 - root - INFO - Step: 23960, Acc Train: 0.816, Acc validation: 0.846667
2017-09-21 20:06:27,466 - root - INFO - Step: 24559, Acc Train: 0.807333, Acc validation: 0.846667
2017-09-21 21:28:41,043 - root - INFO - Step: 25158, Acc Train: 0.808667, Acc validation: 0.81
2017-09-21 22:50:22,087 - root - INFO - Step: 25757, Acc Train: 0.717, Acc validation: 0.766667
2017-09-22 00:12:43,504 - root - INFO - Step: 26356, Acc Train: 0.779667, Acc validation: 0.806667
2017-09-22 01:34:22,147 - root - INFO - Step: 26955, Acc Train: 0.828, Acc validation: 0.856667
2017-09-22 02:55:56,150 - root - INFO - Step: 27554, Acc Train: 0.791667, Acc validation: 0.813333
2017-09-22 04:17:24,370 - root - INFO - Step: 28153, Acc Train: 0.732333, Acc validation: 0.75
2017-09-22 05:38:44,559 - root - INFO - Step: 28752, Acc Train: 0.854, Acc validation: 0.9
2017-09-22 07:00:01,243 - root - INFO - Step: 29351, Acc Train: 0.641, Acc validation: 0.656667
2017-09-22 08:20:51,027 - root - INFO - Step: 29950, Acc Train: 0.796667, Acc validation: 0.82
2017-09-22 09:41:27,971 - root - INFO - Step: 30549, Acc Train: 0.647333, Acc validation: 0.656667
2017-09-22 11:02:57,947 - root - INFO - Step: 31148, Acc Train: 0.802, Acc validation: 0.813333
2017-09-22 12:24:10,124 - root - INFO - Step: 31747, Acc Train: 0.764667, Acc validation: 0.753333
